<?xml version="1.0" encoding="utf-8"?><testsuites name="pytest tests"><testsuite name="pytest" errors="0" failures="0" skipped="0" tests="8" time="1.273" timestamp="2026-04-09T12:12:08.019110+00:00" hostname="agent-env-43cc635e-1ad9-495e-87cf-b0ef1bb98f98"><testcase classname="backend.tests.test_supplier_profile.TestSupplierProfileAPI" name="test_get_pali_mills_profile" time="0.228" /><testcase classname="backend.tests.test_supplier_profile.TestSupplierProfileAPI" name="test_get_test_fabrics_co_profile" time="0.132" /><testcase classname="backend.tests.test_supplier_profile.TestSupplierProfileAPI" name="test_get_supplier_directory" time="0.150" /><testcase classname="backend.tests.test_supplier_profile.TestSupplierProfileAPI" name="test_get_nonexistent_supplier_returns_404" time="0.132" /><testcase classname="backend.tests.test_supplier_profile.TestSupplierProfileAPI" name="test_supplier_profile_has_review_stats" time="0.122" /><testcase classname="backend.tests.test_supplier_profile.TestSupplierProfileAPI" name="test_supplier_profile_has_similar_suppliers" time="0.169" /><testcase classname="backend.tests.test_supplier_profile.TestSupplierProfileAPI" name="test_supplier_profile_seller_fields" time="0.164" /><testcase classname="backend.tests.test_supplier_profile.TestSupplierProfileAPI" name="test_supplier_profile_stats_fields" time="0.112" /></testsuite></testsuites>